<?xml version="1.0" encoding="UTF-8"?>
<testsuite xmlns:xsi="http://www.w3.org/2001/XMLSchema-instance" xsi:noNamespaceSchemaLocation="https://maven.apache.org/surefire/maven-surefire-plugin/xsd/surefire-test-report-3.0.xsd" version="3.0" name="com.mycompany.advanced_junits.OrderedTests" time="0.023" tests="3" errors="0" skipped="0" failures="0">
  <properties>
[...]
</properties>
  <testcase name="testFirst" classname="com.mycompany.advanced_junits.OrderedTests" time="0.002"/>
  <testcase name="testSecond" classname="com.mycompany.advanced_junits.OrderedTests" time="0.007"/>
  <testcase name="testThird" classname="com.mycompany.advanced_junits.OrderedTests" time="0.005"/>
</testsuite>